<?xml version="1.0" encoding="UTF-8"?>
<testsuite name="nsu.fit.qyoga.QYogaApplicationTests" tests="1" skipped="0" failures="0" errors="0" timestamp="2023-01-19T15:23:41" hostname="LAPTOP-O1MO2SCJ" time="0.626">
  <properties/>
  <testcase name="contextLoads()" classname="nsu.fit.qyoga.QYogaApplicationTests" time="0.626"/>
  <system-out><![CDATA[22:23:38.087 [Test worker] DEBUG org.springframework.test.context.BootstrapUtils - Instantiating CacheAwareContextLoaderDelegate from class [org.springframework.test.context.cache.DefaultCacheAwareContextLoaderDelegate]
22:23:38.105 [Test worker] DEBUG org.springframework.test.context.BootstrapUtils - Instantiating BootstrapContext using constructor [public org.springframework.test.context.support.DefaultBootstrapContext(java.lang.Class,org.springframework.test.context.CacheAwareContextLoaderDelegate)]
22:23:38.151 [Test worker] DEBUG org.springframework.test.context.BootstrapUtils - Instantiating TestContextBootstrapper for test class [nsu.fit.qyoga.QYogaApplicationTests] from class [org.springframework.boot.test.context.SpringBootTestContextBootstrapper]
22:23:38.176 [Test worker] INFO org.springframework.boot.test.context.SpringBootTestContextBootstrapper - Neither @ContextConfiguration nor @ContextHierarchy found for test class [nsu.fit.qyoga.QYogaApplicationTests], using SpringBootContextLoader
22:23:38.183 [Test worker] DEBUG org.springframework.test.context.support.AbstractContextLoader - Did not detect default resource location for test class [nsu.fit.qyoga.QYogaApplicationTests]: class path resource [nsu/fit/qyoga/QYogaApplicationTests-context.xml] does not exist
22:23:38.183 [Test worker] DEBUG org.springframework.test.context.support.AbstractContextLoader - Did not detect default resource location for test class [nsu.fit.qyoga.QYogaApplicationTests]: class path resource [nsu/fit/qyoga/QYogaApplicationTestsContext.groovy] does not exist
22:23:38.184 [Test worker] INFO org.springframework.test.context.support.AbstractContextLoader - Could not detect default resource locations for test class [nsu.fit.qyoga.QYogaApplicationTests]: no resource found for suffixes {-context.xml, Context.groovy}.
22:23:38.185 [Test worker] INFO org.springframework.test.context.support.AnnotationConfigContextLoaderUtils - Could not detect default configuration classes for test class [nsu.fit.qyoga.QYogaApplicationTests]: QYogaApplicationTests does not declare any static, non-private, non-final, nested classes annotated with @Configuration.
22:23:38.246 [Test worker] DEBUG org.springframework.test.context.support.ActiveProfilesUtils - Could not find an 'annotation declaring class' for annotation type [org.springframework.test.context.ActiveProfiles] and class [nsu.fit.qyoga.QYogaApplicationTests]
22:23:38.329 [Test worker] DEBUG org.springframework.context.annotation.ClassPathScanningCandidateComponentProvider - Identified candidate component class: file [C:\Users\Надежда\Documents\GitHub\qyoga-back\QYoga\build\classes\kotlin\main\nsu\fit\qyoga\QYogaApplication.class]
22:23:38.345 [Test worker] INFO org.springframework.boot.test.context.SpringBootTestContextBootstrapper - Found @SpringBootConfiguration nsu.fit.qyoga.QYogaApplication for test class nsu.fit.qyoga.QYogaApplicationTests
22:23:38.488 [Test worker] DEBUG org.springframework.boot.test.context.SpringBootTestContextBootstrapper - @TestExecutionListeners is not present for class [nsu.fit.qyoga.QYogaApplicationTests]: using defaults.
22:23:38.489 [Test worker] INFO org.springframework.boot.test.context.SpringBootTestContextBootstrapper - Loaded default TestExecutionListener class names from location [META-INF/spring.factories]: [org.springframework.boot.test.autoconfigure.restdocs.RestDocsTestExecutionListener, org.springframework.boot.test.autoconfigure.web.client.MockRestServiceServerResetTestExecutionListener, org.springframework.boot.test.autoconfigure.web.servlet.MockMvcPrintOnlyOnFailureTestExecutionListener, org.springframework.boot.test.autoconfigure.web.servlet.WebDriverTestExecutionListener, org.springframework.boot.test.autoconfigure.webservices.client.MockWebServiceServerTestExecutionListener, org.springframework.boot.test.mock.mockito.MockitoTestExecutionListener, org.springframework.boot.test.mock.mockito.ResetMocksTestExecutionListener, org.springframework.test.context.web.ServletTestExecutionListener, org.springframework.test.context.support.DirtiesContextBeforeModesTestExecutionListener, org.springframework.test.context.event.ApplicationEventsTestExecutionListener, org.springframework.test.context.support.DependencyInjectionTestExecutionListener, org.springframework.test.context.support.DirtiesContextTestExecutionListener, org.springframework.test.context.transaction.TransactionalTestExecutionListener, org.springframework.test.context.jdbc.SqlScriptsTestExecutionListener, org.springframework.test.context.event.EventPublishingTestExecutionListener]
22:23:38.511 [Test worker] INFO org.springframework.boot.test.context.SpringBootTestContextBootstrapper - Using TestExecutionListeners: [org.springframework.test.context.web.ServletTestExecutionListener@172ca72b, org.springframework.test.context.support.DirtiesContextBeforeModesTestExecutionListener@5bda80bf, org.springframework.test.context.event.ApplicationEventsTestExecutionListener@71e5f61d, org.springframework.boot.test.mock.mockito.MockitoTestExecutionListener@2ce86164, org.springframework.boot.test.autoconfigure.SpringBootDependencyInjectionTestExecutionListener@5e8f9e2d, org.springframework.test.context.support.DirtiesContextTestExecutionListener@51df223b, org.springframework.test.context.transaction.TransactionalTestExecutionListener@fd46303, org.springframework.test.context.jdbc.SqlScriptsTestExecutionListener@60d8c0dc, org.springframework.test.context.event.EventPublishingTestExecutionListener@4204541c, org.springframework.boot.test.autoconfigure.restdocs.RestDocsTestExecutionListener@6a62689d, org.springframework.boot.test.autoconfigure.web.client.MockRestServiceServerResetTestExecutionListener@4602c2a9, org.springframework.boot.test.autoconfigure.web.servlet.MockMvcPrintOnlyOnFailureTestExecutionListener@60fa3495, org.springframework.boot.test.autoconfigure.web.servlet.WebDriverTestExecutionListener@3e2822, org.springframework.boot.test.autoconfigure.webservices.client.MockWebServiceServerTestExecutionListener@79e18e38, org.springframework.boot.test.mock.mockito.ResetMocksTestExecutionListener@29a60c27]
22:23:38.517 [Test worker] DEBUG org.springframework.test.context.support.AbstractDirtiesContextTestExecutionListener - Before test class: context [DefaultTestContext@60b71e8f testClass = QYogaApplicationTests, testInstance = [null], testMethod = [null], testException = [null], mergedContextConfiguration = [WebMergedContextConfiguration@1255b1d1 testClass = QYogaApplicationTests, locations = '{}', classes = '{class nsu.fit.qyoga.QYogaApplication}', contextInitializerClasses = '[]', activeProfiles = '{}', propertySourceLocations = '{}', propertySourceProperties = '{org.springframework.boot.test.context.SpringBootTestContextBootstrapper=true}', contextCustomizers = set[org.springframework.boot.test.autoconfigure.actuate.metrics.MetricsExportContextCustomizerFactory$DisableMetricExportContextCustomizer@5143c662, org.springframework.boot.test.autoconfigure.properties.PropertyMappingContextCustomizer@0, org.springframework.boot.test.autoconfigure.web.servlet.WebDriverContextCustomizerFactory$Customizer@31bcf236, org.springframework.boot.test.context.filter.ExcludeFilterContextCustomizer@3a12c404, org.springframework.boot.test.json.DuplicateJsonObjectContextCustomizerFactory$DuplicateJsonObjectContextCustomizer@2c1156a7, org.springframework.boot.test.mock.mockito.MockitoContextCustomizer@0, org.springframework.boot.test.web.client.TestRestTemplateContextCustomizer@2e2ff723, org.springframework.boot.test.context.SpringBootTestArgs@1, org.springframework.boot.test.context.SpringBootTestWebEnvironment@71238fc2], resourceBasePath = 'src/main/webapp', contextLoader = 'org.springframework.boot.test.context.SpringBootContextLoader', parent = [null]], attributes = map['org.springframework.test.context.web.ServletTestExecutionListener.activateListener' -> true]], class annotated with @DirtiesContext [false] with mode [null].

  .   ____          _            __ _ _
 /\\ / ___'_ __ _ _(_)_ __  __ _ \ \ \ \
( ( )\___ | '_ | '_| | '_ \/ _` | \ \ \ \
 \\/  ___)| |_)| | | | | || (_| |  ) ) ) )
  '  |____| .__|_| |_|_| |_\__, | / / / /
 =========|_|==============|___/=/_/_/_/
 :: Spring Boot ::                (v2.7.3)

2023-01-19 22:23:38.945  INFO 18556 --- [    Test worker] nsu.fit.qyoga.QYogaApplicationTests      : Starting QYogaApplicationTests using Java 17.0.1 on LAPTOP-O1MO2SCJ with PID 18556 (started by Надежда in C:\Users\Надежда\Documents\GitHub\qyoga-back\QYoga)
2023-01-19 22:23:38.946  INFO 18556 --- [    Test worker] nsu.fit.qyoga.QYogaApplicationTests      : No active profile set, falling back to 1 default profile: "default"
2023-01-19 22:23:41.936  INFO 18556 --- [    Test worker] nsu.fit.qyoga.QYogaApplicationTests      : Started QYogaApplicationTests in 3.368 seconds (JVM running for 5.121)
]]></system-out>
  <system-err><![CDATA[]]></system-err>
</testsuite>
